# JRE version: Java(TM) SE Runtime Environment (8.0_11-b12) (build 1.8.0_11-b12)
# Java VM: Java HotSpot(TM) 64-Bit Server VM (25.11-b03 mixed mode bsd-amd64 compressed oops)
Heap:
 PSYoungGen      total 96768K, used 40047K [0x00000007aab00000, 0x00000007b0f80000, 0x00000007c0000000)
  eden space 91648K, 42% used [0x00000007aab00000,0x00000007ad17be80,0x00000007b0480000)
  from space 5120K, 12% used [0x00000007b0980000,0x00000007b0a20010,0x00000007b0e80000)
  to   space 5120K, 0% used [0x00000007b0480000,0x00000007b0480000,0x00000007b0980000)
 ParOldGen       total 522752K, used 13093K [0x0000000780000000, 0x000000079fe80000, 0x00000007aab00000)
  object space 522752K, 2% used [0x0000000780000000,0x0000000780cc95d8,0x000000079fe80000)
 Metaspace       used 24406K, capacity 24898K, committed 25088K, reserved 1071104K
  class space    used 3090K, capacity 3267K, committed 3328K, reserved 1048576K
GC Heap History (10 events):
Event: 7,068 GC heap before
{Heap before GC invocations=19 (full 1):
 PSYoungGen      total 52736K, used 48592K [0x00000007aab00000, 0x00000007af780000, 0x00000007c0000000)
  eden space 48640K, 99% used [0x00000007aab00000,0x00000007ada741a0,0x00000007ada80000)
  from space 4096K, 0% used [0x00000007ada80000,0x00000007ada80000,0x00000007ade80000)
  to   space 5120K, 0% used [0x00000007af280000,0x00000007af280000,0x00000007af780000)
 ParOldGen       total 522752K, used 11703K [0x0000000780000000, 0x000000079fe80000, 0x00000007aab00000)
  object space 522752K, 2% used [0x0000000780000000,0x0000000780b6df50,0x000000079fe80000)
 Metaspace       used 23240K, capacity 23728K, committed 24064K, reserved 1071104K
  class space    used 2899K, capacity 3066K, committed 3072K, reserved 1048576K
Event: 7,073 GC heap after
Heap after GC invocations=19 (full 1):
 PSYoungGen      total 59392K, used 2908K [0x00000007aab00000, 0x00000007af580000, 0x00000007c0000000)
  eden space 56320K, 0% used [0x00000007aab00000,0x00000007aab00000,0x00000007ae200000)
  from space 3072K, 94% used [0x00000007af280000,0x00000007af5571b0,0x00000007af580000)
  to   space 5120K, 0% used [0x00000007aeb80000,0x00000007aeb80000,0x00000007af080000)
 ParOldGen       total 522752K, used 11711K [0x0000000780000000, 0x000000079fe80000, 0x00000007aab00000)
  object space 522752K, 2% used [0x0000000780000000,0x0000000780b6ff50,0x000000079fe80000)
 Metaspace       used 23240K, capacity 23728K, committed 24064K, reserved 1071104K
  class space    used 2899K, capacity 3066K, committed 3072K, reserved 1048576K
}
Event: 7,080 GC heap before
{Heap before GC invocations=20 (full 1):
 PSYoungGen      total 59392K, used 59219K [0x00000007aab00000, 0x00000007af580000, 0x00000007c0000000)
  eden space 56320K, 99% used [0x00000007aab00000,0x00000007ae1fddb8,0x00000007ae200000)
  from space 3072K, 94% used [0x00000007af280000,0x00000007af5571b0,0x00000007af580000)
  to   space 5120K, 0% used [0x00000007aeb80000,0x00000007aeb80000,0x00000007af080000)
 ParOldGen       total 522752K, used 11711K [0x0000000780000000, 0x000000079fe80000, 0x00000007aab00000)
  object space 522752K, 2% used [0x0000000780000000,0x0000000780b6ff50,0x000000079fe80000)
 Metaspace       used 23246K, capacity 23728K, committed 24064K, reserved 1071104K
  class space    used 2899K, capacity 3066K, committed 3072K, reserved 1048576K
Event: 7,082 GC heap after
Heap after GC invocations=20 (full 1):
 PSYoungGen      total 71168K, used 1559K [0x00000007aab00000, 0x00000007afa80000, 0x00000007c0000000)
  eden space 66048K, 0% used [0x00000007aab00000,0x00000007aab00000,0x00000007aeb80000)
  from space 5120K, 30% used [0x00000007aeb80000,0x00000007aed05da8,0x00000007af080000)
  to   space 5120K, 0% used [0x00000007af580000,0x00000007af580000,0x00000007afa80000)
 ParOldGen       total 522752K, used 11711K [0x0000000780000000, 0x000000079fe80000, 0x00000007aab00000)
  object space 522752K, 2% used [0x0000000780000000,0x0000000780b6ff50,0x000000079fe80000)
 Metaspace       used 23246K, capacity 23728K, committed 24064K, reserved 1071104K
  class space    used 2899K, capacity 3066K, committed 3072K, reserved 1048576K
}
Event: 7,094 GC heap before
{Heap before GC invocations=21 (full 1):
 PSYoungGen      total 71168K, used 67548K [0x00000007aab00000, 0x00000007afa80000, 0x00000007c0000000)
  eden space 66048K, 99% used [0x00000007aab00000,0x00000007aeb71440,0x00000007aeb80000)
  from space 5120K, 30% used [0x00000007aeb80000,0x00000007aed05da8,0x00000007af080000)
  to   space 5120K, 0% used [0x00000007af580000,0x00000007af580000,0x00000007afa80000)
 ParOldGen       total 522752K, used 11711K [0x0000000780000000, 0x000000079fe80000, 0x00000007aab00000)
  object space 522752K, 2% used [0x0000000780000000,0x0000000780b6ff50,0x000000079fe80000)
 Metaspace       used 23249K, capacity 23728K, committed 24064K, reserved 1071104K
  class space    used 2899K, capacity 3066K, committed 3072K, reserved 1048576K
Event: 7,096 GC heap after
Heap after GC invocations=21 (full 1):
 PSYoungGen      total 76288K, used 64K [0x00000007aab00000, 0x00000007b0800000, 0x00000007c0000000)
  eden space 71168K, 0% used [0x00000007aab00000,0x00000007aab00000,0x00000007af080000)
  from space 5120K, 1% used [0x00000007af580000,0x00000007af590000,0x00000007afa80000)
  to   space 5120K, 0% used [0x00000007af080000,0x00000007af080000,0x00000007af580000)
 ParOldGen       total 522752K, used 13077K [0x0000000780000000, 0x000000079fe80000, 0x00000007aab00000)
  object space 522752K, 2% used [0x0000000780000000,0x0000000780cc55d8,0x000000079fe80000)
 Metaspace       used 23249K, capacity 23728K, committed 24064K, reserved 1071104K
  class space    used 2899K, capacity 3066K, committed 3072K, reserved 1048576K
}
Event: 7,107 GC heap before
{Heap before GC invocations=22 (full 1):
 PSYoungGen      total 76288K, used 71228K [0x00000007aab00000, 0x00000007b0800000, 0x00000007c0000000)
  eden space 71168K, 99% used [0x00000007aab00000,0x00000007af07f248,0x00000007af080000)
  from space 5120K, 1% used [0x00000007af580000,0x00000007af590000,0x00000007afa80000)
  to   space 5120K, 0% used [0x00000007af080000,0x00000007af080000,0x00000007af580000)
 ParOldGen       total 522752K, used 13077K [0x0000000780000000, 0x000000079fe80000, 0x00000007aab00000)
  object space 522752K, 2% used [0x0000000780000000,0x0000000780cc55d8,0x000000079fe80000)
 Metaspace       used 23249K, capacity 23728K, committed 24064K, reserved 1071104K
  class space    used 2899K, capacity 3066K, committed 3072K, reserved 1048576K
Event: 7,108 GC heap after
Heap after GC invocations=22 (full 1):
 PSYoungGen      total 76288K, used 64K [0x00000007aab00000, 0x00000007b0e80000, 0x00000007c0000000)
  eden space 71168K, 0% used [0x00000007aab00000,0x00000007aab00000,0x00000007af080000)
  from space 5120K, 1% used [0x00000007af080000,0x00000007af090000,0x00000007af580000)
  to   space 5120K, 0% used [0x00000007b0980000,0x00000007b0980000,0x00000007b0e80000)
 ParOldGen       total 522752K, used 13085K [0x0000000780000000, 0x000000079fe80000, 0x00000007aab00000)
  object space 522752K, 2% used [0x0000000780000000,0x0000000780cc75d8,0x000000079fe80000)
 Metaspace       used 23249K, capacity 23728K, committed 24064K, reserved 1071104K
  class space    used 2899K, capacity 3066K, committed 3072K, reserved 1048576K
}
Event: 7,115 GC heap before
{Heap before GC invocations=23 (full 1):
 PSYoungGen      total 76288K, used 71232K [0x00000007aab00000, 0x00000007b0e80000, 0x00000007c0000000)
  eden space 71168K, 100% used [0x00000007aab00000,0x00000007af080000,0x00000007af080000)
  from space 5120K, 1% used [0x00000007af080000,0x00000007af090000,0x00000007af580000)
  to   space 5120K, 0% used [0x00000007b0980000,0x00000007b0980000,0x00000007b0e80000)
 ParOldGen       total 522752K, used 13085K [0x0000000780000000, 0x000000079fe80000, 0x00000007aab00000)
  object space 522752K, 2% used [0x0000000780000000,0x0000000780cc75d8,0x000000079fe80000)
 Metaspace       used 23249K, capacity 23728K, committed 24064K, reserved 1071104K
  class space    used 2899K, capacity 3066K, committed 3072K, reserved 1048576K
Event: 7,116 GC heap after
Heap after GC invocations=23 (full 1):
 PSYoungGen      total 96768K, used 640K [0x00000007aab00000, 0x00000007b0f80000, 0x00000007c0000000)
  eden space 91648K, 0% used [0x00000007aab00000,0x00000007aab00000,0x00000007b0480000)
  from space 5120K, 12% used [0x00000007b0980000,0x00000007b0a20010,0x00000007b0e80000)
  to   space 5120K, 0% used [0x00000007b0480000,0x00000007b0480000,0x00000007b0980000)
 ParOldGen       total 522752K, used 13093K [0x0000000780000000, 0x000000079fe80000, 0x00000007aab00000)
  object space 522752K, 2% used [0x0000000780000000,0x0000000780cc95d8,0x000000079fe80000)
 Metaspace       used 23249K, capacity 23728K, committed 24064K, reserved 1071104K
  class space    used 2899K, capacity 3066K, committed 3072K, reserved 1048576K
}

