# JRE version: Java(TM) SE Runtime Environment (8.0_11-b12) (build 1.8.0_11-b12)
# Java VM: Java HotSpot(TM) 64-Bit Server VM (25.11-b03 mixed mode bsd-amd64 compressed oops)
Heap:
 PSYoungGen      total 285696K, used 282843K [0x000000013d500000, 0x0000000152a00000, 0x0000000152a00000)
  eden space 234496K, 98% used [0x000000013d500000,0x000000014b7711a0,0x000000014ba00000)
  from space 51200K, 99% used [0x000000014ba00000,0x000000014ebc5a88,0x000000014ec00000)
  to   space 63488K, 0% used [0x000000014ec00000,0x000000014ec00000,0x0000000152a00000)
 ParOldGen       total 522752K, used 71654K [0x0000000112a00000, 0x0000000132880000, 0x000000013d500000)
  object space 522752K, 13% used [0x0000000112a00000,0x0000000116ff9a08,0x0000000132880000)
 Metaspace       used 154335K, capacity 155712K, committed 157612K, reserved 1181696K
  class space    used 24062K, capacity 24441K, committed 25600K, reserved 1048576K
GC Heap History (10 events):
Event: 22141,713 GC heap before
{Heap before GC invocations=57 (full 6):
 PSYoungGen      total 298496K, used 256459K [0x000000013d500000, 0x0000000152a00000, 0x0000000152a00000)
  eden space 248832K, 100% used [0x000000013d500000,0x000000014c800000,0x000000014c800000)
  from space 49664K, 15% used [0x000000014f980000,0x00000001500f2e08,0x0000000152a00000)
  to   space 50176K, 0% used [0x000000014c800000,0x000000014c800000,0x000000014f900000)
 ParOldGen       total 522752K, used 70503K [0x0000000112a00000, 0x0000000132880000, 0x000000013d500000)
  object space 522752K, 13% used [0x0000000112a00000,0x0000000116ed9f68,0x0000000132880000)
 Metaspace       used 80744K, capacity 81652K, committed 135340K, reserved 1159168K
  class space    used 11773K, capacity 12062K, committed 25600K, reserved 1048576K
Event: 22141,717 GC heap after
Heap after GC invocations=57 (full 6):
 PSYoungGen      total 299008K, used 4701K [0x000000013d500000, 0x0000000152a00000, 0x0000000152a00000)
  eden space 248832K, 0% used [0x000000013d500000,0x000000013d500000,0x000000014c800000)
  from space 50176K, 9% used [0x000000014c800000,0x000000014cc97590,0x000000014f900000)
  to   space 50176K, 0% used [0x000000014f900000,0x000000014f900000,0x0000000152a00000)
 ParOldGen       total 522752K, used 71622K [0x0000000112a00000, 0x0000000132880000, 0x000000013d500000)
  object space 522752K, 13% used [0x0000000112a00000,0x0000000116ff1a08,0x0000000132880000)
 Metaspace       used 80744K, capacity 81652K, committed 135340K, reserved 1159168K
  class space    used 11773K, capacity 12062K, committed 25600K, reserved 1048576K
}
Event: 22472,007 GC heap before
{Heap before GC invocations=58 (full 6):
 PSYoungGen      total 299008K, used 253533K [0x000000013d500000, 0x0000000152a00000, 0x0000000152a00000)
  eden space 248832K, 100% used [0x000000013d500000,0x000000014c800000,0x000000014c800000)
  from space 50176K, 9% used [0x000000014c800000,0x000000014cc97590,0x000000014f900000)
  to   space 50176K, 0% used [0x000000014f900000,0x000000014f900000,0x0000000152a00000)
 ParOldGen       total 522752K, used 71622K [0x0000000112a00000, 0x0000000132880000, 0x000000013d500000)
  object space 522752K, 13% used [0x0000000112a00000,0x0000000116ff1a08,0x0000000132880000)
 Metaspace       used 94331K, capacity 95336K, committed 135340K, reserved 1159168K
  class space    used 13939K, capacity 14226K, committed 25600K, reserved 1048576K
Event: 22472,022 GC heap after
Heap after GC invocations=58 (full 6):
 PSYoungGen      total 297984K, used 26478K [0x000000013d500000, 0x0000000152900000, 0x0000000152a00000)
  eden space 248832K, 0% used [0x000000013d500000,0x000000013d500000,0x000000014c800000)
  from space 49152K, 53% used [0x000000014f900000,0x00000001512dbb88,0x0000000152900000)
  to   space 49664K, 0% used [0x000000014c800000,0x000000014c800000,0x000000014f880000)
 ParOldGen       total 522752K, used 71630K [0x0000000112a00000, 0x0000000132880000, 0x000000013d500000)
  object space 522752K, 13% used [0x0000000112a00000,0x0000000116ff3a08,0x0000000132880000)
 Metaspace       used 94331K, capacity 95336K, committed 135340K, reserved 1159168K
  class space    used 13939K, capacity 14226K, committed 25600K, reserved 1048576K
}
Event: 22775,545 GC heap before
{Heap before GC invocations=59 (full 6):
 PSYoungGen      total 297984K, used 275310K [0x000000013d500000, 0x0000000152900000, 0x0000000152a00000)
  eden space 248832K, 100% used [0x000000013d500000,0x000000014c800000,0x000000014c800000)
  from space 49152K, 53% used [0x000000014f900000,0x00000001512dbb88,0x0000000152900000)
  to   space 49664K, 0% used [0x000000014c800000,0x000000014c800000,0x000000014f880000)
 ParOldGen       total 522752K, used 71630K [0x0000000112a00000, 0x0000000132880000, 0x000000013d500000)
  object space 522752K, 13% used [0x0000000112a00000,0x0000000116ff3a08,0x0000000132880000)
 Metaspace       used 111172K, capacity 112284K, committed 135340K, reserved 1159168K
  class space    used 16650K, capacity 16961K, committed 25600K, reserved 1048576K
Event: 22775,561 GC heap after
Heap after GC invocations=59 (full 6):
 PSYoungGen      total 284672K, used 35824K [0x000000013d500000, 0x0000000152a00000, 0x0000000152a00000)
  eden space 248832K, 0% used [0x000000013d500000,0x000000013d500000,0x000000014c800000)
  from space 35840K, 99% used [0x000000014c800000,0x000000014eafc098,0x000000014eb00000)
  to   space 52224K, 0% used [0x000000014f700000,0x000000014f700000,0x0000000152a00000)
 ParOldGen       total 522752K, used 71638K [0x0000000112a00000, 0x0000000132880000, 0x000000013d500000)
  object space 522752K, 13% used [0x0000000112a00000,0x0000000116ff5a08,0x0000000132880000)
 Metaspace       used 111172K, capacity 112284K, committed 135340K, reserved 1159168K
  class space    used 16650K, capacity 16961K, committed 25600K, reserved 1048576K
}
Event: 22942,119 GC heap before
{Heap before GC invocations=60 (full 6):
 PSYoungGen      total 284672K, used 284656K [0x000000013d500000, 0x0000000152a00000, 0x0000000152a00000)
  eden space 248832K, 100% used [0x000000013d500000,0x000000014c800000,0x000000014c800000)
  from space 35840K, 99% used [0x000000014c800000,0x000000014eafc098,0x000000014eb00000)
  to   space 52224K, 0% used [0x000000014f700000,0x000000014f700000,0x0000000152a00000)
 ParOldGen       total 522752K, used 71638K [0x0000000112a00000, 0x0000000132880000, 0x000000013d500000)
  object space 522752K, 13% used [0x0000000112a00000,0x0000000116ff5a08,0x0000000132880000)
 Metaspace       used 127899K, capacity 129114K, committed 135596K, reserved 1159168K
  class space    used 19584K, capacity 19932K, committed 25600K, reserved 1048576K
Event: 22942,139 GC heap after
Heap after GC invocations=60 (full 6):
 PSYoungGen      total 286720K, used 45285K [0x000000013d500000, 0x0000000152a00000, 0x0000000152a00000)
  eden space 234496K, 0% used [0x000000013d500000,0x000000013d500000,0x000000014ba00000)
  from space 52224K, 86% used [0x000000014f700000,0x00000001523394d0,0x0000000152a00000)
  to   space 57344K, 0% used [0x000000014ba00000,0x000000014ba00000,0x000000014f200000)
 ParOldGen       total 522752K, used 71646K [0x0000000112a00000, 0x0000000132880000, 0x000000013d500000)
  object space 522752K, 13% used [0x0000000112a00000,0x0000000116ff7a08,0x0000000132880000)
 Metaspace       used 127899K, capacity 129114K, committed 135596K, reserved 1159168K
  class space    used 19584K, capacity 19932K, committed 25600K, reserved 1048576K
}
Event: 23147,431 GC heap before
{Heap before GC invocations=61 (full 6):
 PSYoungGen      total 286720K, used 279781K [0x000000013d500000, 0x0000000152a00000, 0x0000000152a00000)
  eden space 234496K, 100% used [0x000000013d500000,0x000000014ba00000,0x000000014ba00000)
  from space 52224K, 86% used [0x000000014f700000,0x00000001523394d0,0x0000000152a00000)
  to   space 57344K, 0% used [0x000000014ba00000,0x000000014ba00000,0x000000014f200000)
 ParOldGen       total 522752K, used 71646K [0x0000000112a00000, 0x0000000132880000, 0x000000013d500000)
  object space 522752K, 13% used [0x0000000112a00000,0x0000000116ff7a08,0x0000000132880000)
 Metaspace       used 142802K, capacity 144046K, committed 147884K, reserved 1171456K
  class space    used 22165K, capacity 22512K, committed 25600K, reserved 1048576K
Event: 23147,449 GC heap after
Heap after GC invocations=61 (full 6):
 PSYoungGen      total 285696K, used 50966K [0x000000013d500000, 0x0000000152a00000, 0x0000000152a00000)
  eden space 234496K, 0% used [0x000000013d500000,0x000000013d500000,0x000000014ba00000)
  from space 51200K, 99% used [0x000000014ba00000,0x000000014ebc5a88,0x000000014ec00000)
  to   space 63488K, 0% used [0x000000014ec00000,0x000000014ec00000,0x0000000152a00000)
 ParOldGen       total 522752K, used 71654K [0x0000000112a00000, 0x0000000132880000, 0x000000013d500000)
  object space 522752K, 13% used [0x0000000112a00000,0x0000000116ff9a08,0x0000000132880000)
 Metaspace       used 142802K, capacity 144046K, committed 147884K, reserved 1171456K
  class space    used 22165K, capacity 22512K, committed 25600K, reserved 1048576K
}

